[    42.063] (--) Log file renamed from "/home/siddhesh/.local/share/xorg/Xorg.pid-1286.log" to "/home/siddhesh/.local/share/xorg/Xorg.0.log"
[    42.064] 
X.Org X Server 1.20.8
X Protocol Version 11, Revision 0
[    42.064] Build Operating System: Linux 4.15.0-163-generic x86_64 Ubuntu
[    42.064] Current Operating System: Linux siddhesh-VirtualBox 5.4.0-96-generic #109~18.04.1-Ubuntu SMP Thu Jan 13 15:06:26 UTC 2022 x86_64
[    42.064] Kernel command line: BOOT_IMAGE=/boot/vmlinuz-5.4.0-96-generic root=UUID=3c004ddc-1d12-4847-a287-1dd7b0c62194 ro quiet splash
[    42.064] Build Date: 14 December 2021  02:34:57PM
[    42.064] xorg-server-hwe-18.04 2:1.20.8-2ubuntu2.2~18.04.6 (For technical support please see http://www.ubuntu.com/support) 
[    42.064] Current version of pixman: 0.34.0
[    42.064] 	Before reporting problems, check http://wiki.x.org
	to make sure that you have the latest version.
[    42.064] Markers: (--) probed, (**) from config file, (==) default setting,
	(++) from command line, (!!) notice, (II) informational,
	(WW) warning, (EE) error, (NI) not implemented, (??) unknown.
[    42.064] (==) Log file: "/home/siddhesh/.local/share/xorg/Xorg.0.log", Time: Sat Mar  5 18:48:39 2022
[    42.065] (==) Using system config directory "/usr/share/X11/xorg.conf.d"
[    42.067] (==) No Layout section.  Using the first Screen section.
[    42.067] (==) No screen section available. Using defaults.
[    42.067] (**) |-->Screen "Default Screen Section" (0)
[    42.067] (**) |   |-->Monitor "<default monitor>"
[    42.068] (==) No monitor specified for screen "Default Screen Section".
	Using a default monitor configuration.
[    42.068] (==) Automatically adding devices
[    42.068] (==) Automatically enabling devices
[    42.068] (==) Automatically adding GPU devices
[    42.068] (==) Automatically binding GPU devices
[    42.068] (==) Max clients allowed: 256, resource mask: 0x1fffff
[    42.068] (WW) The directory "/usr/share/fonts/X11/cyrillic" does not exist.
[    42.068] 	Entry deleted from font path.
[    42.068] (WW) The directory "/usr/share/fonts/X11/100dpi/" does not exist.
[    42.068] 	Entry deleted from font path.
[    42.068] (WW) The directory "/usr/share/fonts/X11/75dpi/" does not exist.
[    42.068] 	Entry deleted from font path.
[    42.068] (WW) The directory "/usr/share/fonts/X11/100dpi" does not exist.
[    42.068] 	Entry deleted from font path.
[    42.069] (WW) The directory "/usr/share/fonts/X11/75dpi" does not exist.
[    42.069] 	Entry deleted from font path.
[    42.069] (==) FontPath set to:
	/usr/share/fonts/X11/misc,
	/usr/share/fonts/X11/Type1,
	built-ins
[    42.069] (==) ModulePath set to "/usr/lib/xorg/modules"
[    42.069] (II) The server relies on udev to provide the list of input devices.
	If no devices become available, reconfigure udev or disable AutoAddDevices.
[    42.069] (II) Loader magic: 0x56012ca9e020
[    42.069] (II) Module ABI versions:
[    42.069] 	X.Org ANSI C Emulation: 0.4
[    42.069] 	X.Org Video Driver: 24.1
[    42.069] 	X.Org XInput driver : 24.1
[    42.069] 	X.Org Server Extension : 10.0
[    42.070] (++) using VT number 2

[    42.072] (II) systemd-logind: took control of session /org/freedesktop/login1/session/_32
[    42.073] (II) xfree86: Adding drm device (/dev/dri/card0)
[    42.075] (II) systemd-logind: got fd for /dev/dri/card0 226:0 fd 12 paused 0
[    42.076] (--) PCI:*(0@0:2:0) 15ad:0405:15ad:0405 rev 0, Mem @ 0xe0000000/16777216, 0xf0000000/2097152, I/O @ 0x0000d010/16, BIOS @ 0x????????/131072
[    42.076] (II) LoadModule: "glx"
[    42.083] (II) Loading /usr/lib/xorg/modules/extensions/libglx.so
[    42.097] (II) Module glx: vendor="X.Org Foundation"
[    42.097] 	compiled for 1.20.8, module version = 1.0.0
[    42.098] 	ABI class: X.Org Server Extension, version 10.0
[    42.098] (==) Matched vmware as autoconfigured driver 0
[    42.098] (==) Matched modesetting as autoconfigured driver 1
[    42.098] (==) Matched fbdev as autoconfigured driver 2
[    42.098] (==) Matched vesa as autoconfigured driver 3
[    42.098] (==) Assigned the driver to the xf86ConfigLayout
[    42.098] (II) LoadModule: "vmware"
[    42.098] (II) Loading /usr/lib/xorg/modules/drivers/vmware_drv.so
[    42.144] (II) Module vmware: vendor="X.Org Foundation"
[    42.144] 	compiled for 1.20.1, module version = 13.3.0
[    42.145] 	Module class: X.Org Video Driver
[    42.145] 	ABI class: X.Org Video Driver, version 24.0
[    42.145] (II) LoadModule: "modesetting"
[    42.145] (II) Loading /usr/lib/xorg/modules/drivers/modesetting_drv.so
[    42.147] (II) Module modesetting: vendor="X.Org Foundation"
[    42.147] 	compiled for 1.20.8, module version = 1.20.8
[    42.147] 	Module class: X.Org Video Driver
[    42.147] 	ABI class: X.Org Video Driver, version 24.1
[    42.147] (II) LoadModule: "fbdev"
[    42.147] (II) Loading /usr/lib/xorg/modules/drivers/fbdev_drv.so
[    42.149] (II) Module fbdev: vendor="X.Org Foundation"
[    42.149] 	compiled for 1.20.1, module version = 0.5.0
[    42.149] 	Module class: X.Org Video Driver
[    42.149] 	ABI class: X.Org Video Driver, version 24.0
[    42.149] (II) LoadModule: "vesa"
[    42.149] (II) Loading /usr/lib/xorg/modules/drivers/vesa_drv.so
[    42.150] (II) Module vesa: vendor="X.Org Foundation"
[    42.150] 	compiled for 1.20.1, module version = 2.4.0
[    42.150] 	Module class: X.Org Video Driver
[    42.150] 	ABI class: X.Org Video Driver, version 24.0
[    42.150] (II) vmware: driver for VMware SVGA: vmware0405, vmware0710
[    42.151] (II) modesetting: Driver for Modesetting Kernel Drivers: kms
[    42.151] (II) FBDEV: driver for framebuffer: fbdev
[    42.151] (II) VESA: driver for VESA chipsets: vesa
[    42.151] xf86EnableIOPorts: failed to set IOPL for I/O (Operation not permitted)
[    42.151] (WW) Falling back to old probe method for modesetting
[    42.151] (WW) Falling back to old probe method for fbdev
[    42.151] (II) Loading sub module "fbdevhw"
[    42.151] (II) LoadModule: "fbdevhw"
[    42.151] (II) Loading /usr/lib/xorg/modules/libfbdevhw.so
[    42.153] (II) Module fbdevhw: vendor="X.Org Foundation"
[    42.153] 	compiled for 1.20.8, module version = 0.0.2
[    42.153] 	ABI class: X.Org Video Driver, version 24.1
[    42.153] (EE) open /dev/fb0: Permission denied
[    42.153] (WW) VGA arbiter: cannot open kernel arbiter, no multi-card support
[    42.153] (II) vmware(0): Creating default Display subsection in Screen section
	"Default Screen Section" for depth/fbbpp 24/32
[    42.153] (--) vmware(0): DRM driver version is 2.15.0
[    42.153] (==) vmware(0): Depth 24, (--) framebuffer bpp 32
[    42.153] (==) vmware(0): RGB weight 888
[    42.153] (==) vmware(0): Default visual is TrueColor
[    42.153] (--) vmware(0): Min width 1, Max Width 8192.
[    42.153] (--) vmware(0): Min height 1, Max Height 8192.
[    42.153] (II) vmware(0): Output Virtual1 has no monitor section
[    42.153] (II) vmware(0): Output Virtual2 has no monitor section
[    42.153] (II) vmware(0): Output Virtual3 has no monitor section
[    42.154] (II) vmware(0): Output Virtual4 has no monitor section
[    42.154] (II) vmware(0): Output Virtual5 has no monitor section
[    42.154] (II) vmware(0): Output Virtual6 has no monitor section
[    42.154] (II) vmware(0): Output Virtual7 has no monitor section
[    42.154] (II) vmware(0): Output Virtual8 has no monitor section
[    42.154] (II) vmware(0): Printing probed modes for output Virtual1
[    42.154] (II) vmware(0): Modeline "800x600"x60.0   42.75  800 850 900 950  600 650 700 750 -hsync +vsync (45.0 kHz eP)
[    42.154] (II) vmware(0): Modeline "2560x1600"x60.0  348.50  2560 2752 3032 3504  1600 1603 1609 1658 -hsync +vsync (99.5 kHz e)
[    42.154] (II) vmware(0): Modeline "1920x1440"x60.0  234.00  1920 2048 2256 2600  1440 1441 1444 1500 -hsync +vsync (90.0 kHz e)
[    42.154] (II) vmware(0): Modeline "1856x1392"x60.0  218.25  1856 1952 2176 2528  1392 1393 1396 1439 -hsync +vsync (86.3 kHz e)
[    42.154] (II) vmware(0): Modeline "1792x1344"x60.0  204.75  1792 1920 2120 2448  1344 1345 1348 1394 -hsync +vsync (83.6 kHz e)
[    42.154] (II) vmware(0): Modeline "1920x1200"x59.9  193.25  1920 2056 2256 2592  1200 1203 1209 1245 -hsync +vsync (74.6 kHz e)
[    42.154] (II) vmware(0): Modeline "1600x1200"x60.0  162.00  1600 1664 1856 2160  1200 1201 1204 1250 +hsync +vsync (75.0 kHz e)
[    42.154] (II) vmware(0): Modeline "1680x1050"x60.0  146.25  1680 1784 1960 2240  1050 1053 1059 1089 -hsync +vsync (65.3 kHz e)
[    42.154] (II) vmware(0): Modeline "1400x1050"x60.0  121.75  1400 1488 1632 1864  1050 1053 1057 1089 -hsync +vsync (65.3 kHz e)
[    42.154] (II) vmware(0): Modeline "1280x1024"x60.0  108.00  1280 1328 1440 1688  1024 1025 1028 1066 +hsync +vsync (64.0 kHz e)
[    42.154] (II) vmware(0): Modeline "1440x900"x59.9  106.50  1440 1520 1672 1904  900 903 909 934 -hsync +vsync (55.9 kHz e)
[    42.155] (II) vmware(0): Modeline "1280x960"x60.0  108.00  1280 1376 1488 1800  960 961 964 1000 +hsync +vsync (60.0 kHz e)
[    42.155] (II) vmware(0): Modeline "1360x768"x60.0   85.50  1360 1424 1536 1792  768 771 777 795 +hsync +vsync (47.7 kHz e)
[    42.155] (II) vmware(0): Modeline "1280x800"x59.8   83.50  1280 1352 1480 1680  800 803 809 831 +hsync -vsync (49.7 kHz e)
[    42.155] (II) vmware(0): Modeline "1152x864"x75.0  108.00  1152 1216 1344 1600  864 865 868 900 +hsync +vsync (67.5 kHz e)
[    42.155] (II) vmware(0): Modeline "1280x768"x59.9   79.50  1280 1344 1472 1664  768 771 778 798 -hsync +vsync (47.8 kHz e)
[    42.155] (II) vmware(0): Modeline "1024x768"x60.0   65.00  1024 1048 1184 1344  768 771 777 806 -hsync -vsync (48.4 kHz e)
[    42.155] (II) vmware(0): Modeline "800x600"x60.3   40.00  800 840 968 1056  600 601 605 628 +hsync +vsync (37.9 kHz e)
[    42.155] (II) vmware(0): Modeline "640x480"x59.9   25.18  640 656 752 800  480 489 492 525 -hsync -vsync (31.5 kHz e)
[    42.155] (II) vmware(0): EDID for output Virtual2
[    42.155] (II) vmware(0): EDID for output Virtual3
[    42.155] (II) vmware(0): EDID for output Virtual4
[    42.155] (II) vmware(0): EDID for output Virtual5
[    42.155] (II) vmware(0): EDID for output Virtual6
[    42.155] (II) vmware(0): EDID for output Virtual7
[    42.155] (II) vmware(0): EDID for output Virtual8
[    42.155] (II) vmware(0): Output Virtual1 connected
[    42.155] (II) vmware(0): Output Virtual2 disconnected
[    42.155] (II) vmware(0): Output Virtual3 disconnected
[    42.156] (II) vmware(0): Output Virtual4 disconnected
[    42.156] (II) vmware(0): Output Virtual5 disconnected
[    42.156] (II) vmware(0): Output Virtual6 disconnected
[    42.156] (II) vmware(0): Output Virtual7 disconnected
[    42.156] (II) vmware(0): Output Virtual8 disconnected
[    42.156] (II) vmware(0): Using exact sizes for initial modes
[    42.156] (II) vmware(0): Output Virtual1 using initial mode 800x600 +0+0
[    42.156] (==) vmware(0): DPI set to (96, 96)
[    42.156] (==) vmware(0): Using gamma correction (1.0, 1.0, 1.0)
[    42.156] (II) Loading sub module "fb"
[    42.156] (II) LoadModule: "fb"
[    42.156] (II) Loading /usr/lib/xorg/modules/libfb.so
[    42.158] (II) Module fb: vendor="X.Org Foundation"
[    42.158] 	compiled for 1.20.8, module version = 1.0.0
[    42.158] 	ABI class: X.Org ANSI C Emulation, version 0.4
[    42.158] (II) Loading sub module "dri2"
[    42.158] (II) LoadModule: "dri2"
[    42.158] (II) Module "dri2" already built-in
[    42.158] (II) Loading sub module "dri3"
[    42.158] (II) LoadModule: "dri3"
[    42.159] (II) Module "dri3" already built-in
[    42.159] (II) UnloadModule: "modesetting"
[    42.159] (II) Unloading modesetting
[    42.159] (II) UnloadModule: "fbdev"
[    42.159] (II) Unloading fbdev
[    42.159] (II) UnloadSubModule: "fbdevhw"
[    42.159] (II) Unloading fbdevhw
[    42.159] (II) UnloadModule: "vesa"
[    42.159] (II) Unloading vesa
[    42.162] (II) vmware(0): Initialized VMWARE_CTRL extension version 0.2
[    42.169] (WW) vmware(0): Failed to initialize Gallium3D Xa. No render acceleration available.
[    42.169] (WW) vmware(0): Skipped initialization of direct rendering due to lack of render acceleration.
[    42.169] (--) vmware(0): Render acceleration is disabled.
[    42.169] (==) vmware(0): Rendercheck mode is disabled.
[    42.169] (--) vmware(0): Direct rendering (DRI2 3D) is disabled.
[    42.170] (--) vmware(0): Direct rendering (DRI3 3D) is disabled.
[    42.170] (==) vmware(0): Backing store enabled
[    42.170] (==) vmware(0): Silken mouse enabled
[    42.171] (==) vmware(0): DPMS enabled
[    42.171] (II) vmware(0): No 3D acceleration. Not setting up textured video.
[    42.171] (WW) vmware(0): Disabling Xv because no adaptors could be initialized.
[    42.171] (II) Initializing extension Generic Event Extension
[    42.172] (II) Initializing extension SHAPE
[    42.172] (II) Initializing extension MIT-SHM
[    42.172] (II) Initializing extension XInputExtension
[    42.173] (II) Initializing extension XTEST
[    42.173] (II) Initializing extension BIG-REQUESTS
[    42.173] (II) Initializing extension SYNC
[    42.173] (II) Initializing extension XKEYBOARD
[    42.173] (II) Initializing extension XC-MISC
[    42.173] (II) Initializing extension SECURITY
[    42.173] (II) Initializing extension XFIXES
[    42.173] (II) Initializing extension RENDER
[    42.173] (II) Initializing extension RANDR
[    42.174] (II) Initializing extension COMPOSITE
[    42.174] (II) Initializing extension DAMAGE
[    42.174] (II) Initializing extension MIT-SCREEN-SAVER
[    42.174] (II) Initializing extension DOUBLE-BUFFER
[    42.174] (II) Initializing extension RECORD
[    42.174] (II) Initializing extension DPMS
[    42.174] (II) Initializing extension Present
[    42.174] (II) Initializing extension DRI3
[    42.174] (II) Initializing extension X-Resource
[    42.174] (II) Initializing extension XVideo
[    42.175] (II) Initializing extension XVideo-MotionCompensation
[    42.175] (II) Initializing extension SELinux
[    42.175] (II) SELinux: Disabled on system
[    42.175] (II) Initializing extension GLX
[    42.175] (II) AIGLX: Screen 0 is not DRI2 capable
[    42.180] (II) IGLX: Loaded and initialized swrast
[    42.180] (II) GLX: Initialized DRISWRAST GL provider for screen 0
[    42.180] (II) Initializing extension XFree86-VidModeExtension
[    42.180] (II) Initializing extension XFree86-DGA
[    42.180] (II) Initializing extension XFree86-DRI
[    42.181] (II) Initializing extension DRI2
[    42.183] (II) vmware(0): Setting screen physical size to 211 x 158
[    42.205] (II) config/udev: Adding input device Power Button (/dev/input/event0)
[    42.205] (**) Power Button: Applying InputClass "libinput keyboard catchall"
[    42.205] (II) LoadModule: "libinput"
[    42.205] (II) Loading /usr/lib/xorg/modules/input/libinput_drv.so
[    42.208] (II) Module libinput: vendor="X.Org Foundation"
[    42.208] 	compiled for 1.20.1, module version = 0.28.1
[    42.208] 	Module class: X.Org XInput Driver
[    42.208] 	ABI class: X.Org XInput driver, version 24.1
[    42.208] (II) Using input driver 'libinput' for 'Power Button'
[    42.217] (II) systemd-logind: got fd for /dev/input/event0 13:64 fd 20 paused 0
[    42.217] (**) Power Button: always reports core events
[    42.217] (**) Option "Device" "/dev/input/event0"
[    42.217] (**) Option "_source" "server/udev"
[    42.218] (II) event0  - Power Button: is tagged by udev as: Keyboard
[    42.218] (II) event0  - Power Button: device is a keyboard
[    42.218] (II) event0  - Power Button: device removed
[    42.218] (**) Option "config_info" "udev:/sys/devices/LNXSYSTM:00/LNXPWRBN:00/input/input0/event0"
[    42.219] (II) XINPUT: Adding extended input device "Power Button" (type: KEYBOARD, id 6)
[    42.219] (**) Option "xkb_model" "pc105"
[    42.219] (**) Option "xkb_layout" "us"
[    42.219] (II) event0  - Power Button: is tagged by udev as: Keyboard
[    42.219] (II) event0  - Power Button: device is a keyboard
[    42.220] (II) config/udev: Adding input device Sleep Button (/dev/input/event1)
[    42.220] (**) Sleep Button: Applying InputClass "libinput keyboard catchall"
[    42.221] (II) Using input driver 'libinput' for 'Sleep Button'
[    42.222] (II) systemd-logind: got fd for /dev/input/event1 13:65 fd 23 paused 0
[    42.222] (**) Sleep Button: always reports core events
[    42.222] (**) Option "Device" "/dev/input/event1"
[    42.222] (**) Option "_source" "server/udev"
[    42.223] (II) event1  - Sleep Button: is tagged by udev as: Keyboard
[    42.223] (II) event1  - Sleep Button: device is a keyboard
[    42.224] (II) event1  - Sleep Button: device removed
[    42.224] (**) Option "config_info" "udev:/sys/devices/LNXSYSTM:00/LNXSLPBN:00/input/input1/event1"
[    42.224] (II) XINPUT: Adding extended input device "Sleep Button" (type: KEYBOARD, id 7)
[    42.224] (**) Option "xkb_model" "pc105"
[    42.224] (**) Option "xkb_layout" "us"
[    42.224] (II) event1  - Sleep Button: is tagged by udev as: Keyboard
[    42.224] (II) event1  - Sleep Button: device is a keyboard
[    42.225] (II) config/udev: Adding input device Video Bus (/dev/input/event3)
[    42.225] (**) Video Bus: Applying InputClass "libinput keyboard catchall"
[    42.225] (II) Using input driver 'libinput' for 'Video Bus'
[    42.227] (II) systemd-logind: got fd for /dev/input/event3 13:67 fd 24 paused 0
[    42.227] (**) Video Bus: always reports core events
[    42.227] (**) Option "Device" "/dev/input/event3"
[    42.227] (**) Option "_source" "server/udev"
[    42.228] (II) event3  - Video Bus: is tagged by udev as: Keyboard
[    42.228] (II) event3  - Video Bus: device is a keyboard
[    42.228] (II) event3  - Video Bus: device removed
[    42.228] (**) Option "config_info" "udev:/sys/devices/LNXSYSTM:00/LNXSYBUS:00/PNP0A03:00/LNXVIDEO:00/input/input4/event3"
[    42.228] (II) XINPUT: Adding extended input device "Video Bus" (type: KEYBOARD, id 8)
[    42.228] (**) Option "xkb_model" "pc105"
[    42.228] (**) Option "xkb_layout" "us"
[    42.228] (II) event3  - Video Bus: is tagged by udev as: Keyboard
[    42.228] (II) event3  - Video Bus: device is a keyboard
[    42.230] (II) config/udev: Adding input device VirtualBox mouse integration (/dev/input/event6)
[    42.230] (**) VirtualBox mouse integration: Applying InputClass "libinput pointer catchall"
[    42.230] (II) Using input driver 'libinput' for 'VirtualBox mouse integration'
[    42.231] (II) systemd-logind: got fd for /dev/input/event6 13:70 fd 25 paused 0
[    42.231] (**) VirtualBox mouse integration: always reports core events
[    42.231] (**) Option "Device" "/dev/input/event6"
[    42.231] (**) Option "_source" "server/udev"
[    42.232] (II) event6  - VirtualBox mouse integration: is tagged by udev as: Mouse
[    42.232] (II) event6  - VirtualBox mouse integration: device is a pointer
[    42.233] (II) event6  - VirtualBox mouse integration: device removed
[    42.233] (**) Option "config_info" "udev:/sys/devices/pci0000:00/0000:00:04.0/input/input7/event6"
[    42.233] (II) XINPUT: Adding extended input device "VirtualBox mouse integration" (type: MOUSE, id 9)
[    42.233] (**) Option "AccelerationScheme" "none"
[    42.233] (**) VirtualBox mouse integration: (accel) selected scheme none/0
[    42.233] (**) VirtualBox mouse integration: (accel) acceleration factor: 2.000
[    42.233] (**) VirtualBox mouse integration: (accel) acceleration threshold: 4
[    42.233] (II) event6  - VirtualBox mouse integration: is tagged by udev as: Mouse
[    42.233] (II) event6  - VirtualBox mouse integration: device is a pointer
[    42.234] (II) config/udev: Adding input device VirtualBox mouse integration (/dev/input/js1)
[    42.234] (II) No input driver specified, ignoring this device.
[    42.234] (II) This device may have been added with another device file.
[    42.235] (II) config/udev: Adding input device VirtualBox USB Tablet (/dev/input/event5)
[    42.235] (**) VirtualBox USB Tablet: Applying InputClass "libinput pointer catchall"
[    42.235] (II) Using input driver 'libinput' for 'VirtualBox USB Tablet'
[    42.296] (II) systemd-logind: got fd for /dev/input/event5 13:69 fd 26 paused 0
[    42.296] (**) VirtualBox USB Tablet: always reports core events
[    42.296] (**) Option "Device" "/dev/input/event5"
[    42.296] (**) Option "_source" "server/udev"
[    42.296] (II) event5  - VirtualBox USB Tablet: is tagged by udev as: Mouse
[    42.296] (II) event5  - VirtualBox USB Tablet: device is a pointer
[    42.296] (II) event5  - VirtualBox USB Tablet: device removed
[    42.296] (**) Option "config_info" "udev:/sys/devices/pci0000:00/0000:00:06.0/usb1/1-1/1-1:1.0/0003:80EE:0021.0001/input/input6/event5"
[    42.296] (II) XINPUT: Adding extended input device "VirtualBox USB Tablet" (type: MOUSE, id 10)
[    42.297] (**) Option "AccelerationScheme" "none"
[    42.297] (**) VirtualBox USB Tablet: (accel) selected scheme none/0
[    42.297] (**) VirtualBox USB Tablet: (accel) acceleration factor: 2.000
[    42.297] (**) VirtualBox USB Tablet: (accel) acceleration threshold: 4
[    42.297] (II) event5  - VirtualBox USB Tablet: is tagged by udev as: Mouse
[    42.297] (II) event5  - VirtualBox USB Tablet: device is a pointer
[    42.297] (II) config/udev: Adding input device VirtualBox USB Tablet (/dev/input/js0)
[    42.297] (II) No input driver specified, ignoring this device.
[    42.297] (II) This device may have been added with another device file.
[    42.297] (II) config/udev: Adding input device VirtualBox USB Tablet (/dev/input/mouse1)
[    42.297] (II) No input driver specified, ignoring this device.
[    42.297] (II) This device may have been added with another device file.
[    42.298] (II) config/udev: Adding input device AT Translated Set 2 keyboard (/dev/input/event2)
[    42.298] (**) AT Translated Set 2 keyboard: Applying InputClass "libinput keyboard catchall"
[    42.298] (II) Using input driver 'libinput' for 'AT Translated Set 2 keyboard'
[    42.300] (II) systemd-logind: got fd for /dev/input/event2 13:66 fd 27 paused 0
[    42.300] (**) AT Translated Set 2 keyboard: always reports core events
[    42.300] (**) Option "Device" "/dev/input/event2"
[    42.300] (**) Option "_source" "server/udev"
[    42.301] (II) event2  - AT Translated Set 2 keyboard: is tagged by udev as: Keyboard
[    42.301] (II) event2  - AT Translated Set 2 keyboard: device is a keyboard
[    42.301] (II) event2  - AT Translated Set 2 keyboard: device removed
[    42.301] (**) Option "config_info" "udev:/sys/devices/platform/i8042/serio0/input/input2/event2"
[    42.301] (II) XINPUT: Adding extended input device "AT Translated Set 2 keyboard" (type: KEYBOARD, id 11)
[    42.301] (**) Option "xkb_model" "pc105"
[    42.301] (**) Option "xkb_layout" "us"
[    42.301] (II) event2  - AT Translated Set 2 keyboard: is tagged by udev as: Keyboard
[    42.301] (II) event2  - AT Translated Set 2 keyboard: device is a keyboard
[    42.305] (II) config/udev: Adding input device ImExPS/2 Generic Explorer Mouse (/dev/input/event4)
[    42.306] (**) ImExPS/2 Generic Explorer Mouse: Applying InputClass "libinput pointer catchall"
[    42.306] (II) Using input driver 'libinput' for 'ImExPS/2 Generic Explorer Mouse'
[    42.307] (II) systemd-logind: got fd for /dev/input/event4 13:68 fd 28 paused 0
[    42.308] (**) ImExPS/2 Generic Explorer Mouse: always reports core events
[    42.308] (**) Option "Device" "/dev/input/event4"
[    42.308] (**) Option "_source" "server/udev"
[    42.308] (II) event4  - ImExPS/2 Generic Explorer Mouse: is tagged by udev as: Mouse
[    42.308] (II) event4  - ImExPS/2 Generic Explorer Mouse: device is a pointer
[    42.308] (II) event4  - ImExPS/2 Generic Explorer Mouse: device removed
[    42.308] (**) Option "config_info" "udev:/sys/devices/platform/i8042/serio1/input/input5/event4"
[    42.308] (II) XINPUT: Adding extended input device "ImExPS/2 Generic Explorer Mouse" (type: MOUSE, id 12)
[    42.308] (**) Option "AccelerationScheme" "none"
[    42.309] (**) ImExPS/2 Generic Explorer Mouse: (accel) selected scheme none/0
[    42.309] (**) ImExPS/2 Generic Explorer Mouse: (accel) acceleration factor: 2.000
[    42.310] (**) ImExPS/2 Generic Explorer Mouse: (accel) acceleration threshold: 4
[    42.310] (II) event4  - ImExPS/2 Generic Explorer Mouse: is tagged by udev as: Mouse
[    42.310] (II) event4  - ImExPS/2 Generic Explorer Mouse: device is a pointer
[    42.311] (II) config/udev: Adding input device ImExPS/2 Generic Explorer Mouse (/dev/input/mouse0)
[    42.311] (II) No input driver specified, ignoring this device.
[    42.311] (II) This device may have been added with another device file.
[    51.405] (EE) No surface to present from.
[  1627.945] (II) event4  - ImExPS/2 Generic Explorer Mouse: Enabling spurious button debouncing, see https://wayland.freedesktop.org/libinput/doc/1.10.4/button_debouncing.html for details
[  2095.774] (EE) No surface to present from.
[  2550.828] (EE) No surface to present from.
[  5826.263] (EE) No surface to present from.
