[    20.204] _XSERVTransSocketUNIXCreateListener: ...SocketCreateListener() failed
[    20.204] _XSERVTransMakeAllCOTSServerListeners: server already running
[    20.204] (--) Log file renamed from "/home/siddhesh/.local/share/xorg/Xorg.pid-1346.log" to "/home/siddhesh/.local/share/xorg/Xorg.1.log"
[    20.205] 
X.Org X Server 1.20.8
X Protocol Version 11, Revision 0
[    20.205] Build Operating System: Linux 4.15.0-140-generic x86_64 Ubuntu
[    20.205] Current Operating System: Linux siddhesh-VirtualBox 5.4.0-91-generic #102~18.04.1-Ubuntu SMP Thu Nov 11 14:46:36 UTC 2021 x86_64
[    20.205] Kernel command line: BOOT_IMAGE=/boot/vmlinuz-5.4.0-91-generic root=UUID=3c004ddc-1d12-4847-a287-1dd7b0c62194 ro quiet splash
[    20.205] Build Date: 08 April 2021  01:40:27PM
[    20.205] xorg-server-hwe-18.04 2:1.20.8-2ubuntu2.2~18.04.5 (For technical support please see http://www.ubuntu.com/support) 
[    20.205] Current version of pixman: 0.34.0
[    20.205] 	Before reporting problems, check http://wiki.x.org
	to make sure that you have the latest version.
[    20.205] Markers: (--) probed, (**) from config file, (==) default setting,
	(++) from command line, (!!) notice, (II) informational,
	(WW) warning, (EE) error, (NI) not implemented, (??) unknown.
[    20.209] (==) Log file: "/home/siddhesh/.local/share/xorg/Xorg.1.log", Time: Sun Jan  2 21:43:41 2022
[    20.209] (==) Using system config directory "/usr/share/X11/xorg.conf.d"
[    20.209] (==) No Layout section.  Using the first Screen section.
[    20.209] (==) No screen section available. Using defaults.
[    20.209] (**) |-->Screen "Default Screen Section" (0)
[    20.209] (**) |   |-->Monitor "<default monitor>"
[    20.209] (==) No monitor specified for screen "Default Screen Section".
	Using a default monitor configuration.
[    20.209] (==) Automatically adding devices
[    20.210] (==) Automatically enabling devices
[    20.210] (==) Automatically adding GPU devices
[    20.210] (==) Automatically binding GPU devices
[    20.210] (==) Max clients allowed: 256, resource mask: 0x1fffff
[    20.210] (WW) The directory "/usr/share/fonts/X11/cyrillic" does not exist.
[    20.210] 	Entry deleted from font path.
[    20.210] (WW) The directory "/usr/share/fonts/X11/100dpi/" does not exist.
[    20.210] 	Entry deleted from font path.
[    20.210] (WW) The directory "/usr/share/fonts/X11/75dpi/" does not exist.
[    20.210] 	Entry deleted from font path.
[    20.210] (WW) The directory "/usr/share/fonts/X11/100dpi" does not exist.
[    20.210] 	Entry deleted from font path.
[    20.210] (WW) The directory "/usr/share/fonts/X11/75dpi" does not exist.
[    20.210] 	Entry deleted from font path.
[    20.211] (==) FontPath set to:
	/usr/share/fonts/X11/misc,
	/usr/share/fonts/X11/Type1,
	built-ins
[    20.211] (==) ModulePath set to "/usr/lib/xorg/modules"
[    20.211] (II) The server relies on udev to provide the list of input devices.
	If no devices become available, reconfigure udev or disable AutoAddDevices.
[    20.211] (II) Loader magic: 0x5633d5f9c020
[    20.211] (II) Module ABI versions:
[    20.211] 	X.Org ANSI C Emulation: 0.4
[    20.212] 	X.Org Video Driver: 24.1
[    20.212] 	X.Org XInput driver : 24.1
[    20.212] 	X.Org Server Extension : 10.0
[    20.212] (++) using VT number 2

[    20.213] (II) systemd-logind: took control of session /org/freedesktop/login1/session/_33
[    20.214] (II) xfree86: Adding drm device (/dev/dri/card0)
[    20.215] (II) systemd-logind: got fd for /dev/dri/card0 226:0 fd 13 paused 0
[    20.217] (--) PCI:*(0@0:2:0) 15ad:0405:15ad:0405 rev 0, Mem @ 0xe0000000/16777216, 0xf0000000/2097152, I/O @ 0x0000d010/16, BIOS @ 0x????????/131072
[    20.217] (II) LoadModule: "glx"
[    20.217] (II) Loading /usr/lib/xorg/modules/extensions/libglx.so
[    20.222] (II) Module glx: vendor="X.Org Foundation"
[    20.222] 	compiled for 1.20.8, module version = 1.0.0
[    20.222] 	ABI class: X.Org Server Extension, version 10.0
[    20.222] (==) Matched vmware as autoconfigured driver 0
[    20.222] (==) Matched modesetting as autoconfigured driver 1
[    20.223] (==) Matched fbdev as autoconfigured driver 2
[    20.223] (==) Matched vesa as autoconfigured driver 3
[    20.223] (==) Assigned the driver to the xf86ConfigLayout
[    20.223] (II) LoadModule: "vmware"
[    20.223] (II) Loading /usr/lib/xorg/modules/drivers/vmware_drv.so
[    20.253] (II) Module vmware: vendor="X.Org Foundation"
[    20.253] 	compiled for 1.20.1, module version = 13.3.0
[    20.253] 	Module class: X.Org Video Driver
[    20.253] 	ABI class: X.Org Video Driver, version 24.0
[    20.253] (II) LoadModule: "modesetting"
[    20.253] (II) Loading /usr/lib/xorg/modules/drivers/modesetting_drv.so
[    20.253] (II) Module modesetting: vendor="X.Org Foundation"
[    20.253] 	compiled for 1.20.8, module version = 1.20.8
[    20.254] 	Module class: X.Org Video Driver
[    20.254] 	ABI class: X.Org Video Driver, version 24.1
[    20.254] (II) LoadModule: "fbdev"
[    20.254] (II) Loading /usr/lib/xorg/modules/drivers/fbdev_drv.so
[    20.254] (II) Module fbdev: vendor="X.Org Foundation"
[    20.254] 	compiled for 1.20.1, module version = 0.5.0
[    20.254] 	Module class: X.Org Video Driver
[    20.254] 	ABI class: X.Org Video Driver, version 24.0
[    20.254] (II) LoadModule: "vesa"
[    20.254] (II) Loading /usr/lib/xorg/modules/drivers/vesa_drv.so
[    20.254] (II) Module vesa: vendor="X.Org Foundation"
[    20.254] 	compiled for 1.20.1, module version = 2.4.0
[    20.254] 	Module class: X.Org Video Driver
[    20.254] 	ABI class: X.Org Video Driver, version 24.0
[    20.254] (II) vmware: driver for VMware SVGA: vmware0405, vmware0710
[    20.254] (II) modesetting: Driver for Modesetting Kernel Drivers: kms
[    20.255] (II) FBDEV: driver for framebuffer: fbdev
[    20.255] (II) VESA: driver for VESA chipsets: vesa
[    20.255] xf86EnableIOPorts: failed to set IOPL for I/O (Operation not permitted)
[    20.255] (WW) Falling back to old probe method for modesetting
[    20.255] (WW) Falling back to old probe method for fbdev
[    20.255] (II) Loading sub module "fbdevhw"
[    20.256] (II) LoadModule: "fbdevhw"
[    20.256] (II) Loading /usr/lib/xorg/modules/libfbdevhw.so
[    20.256] (II) Module fbdevhw: vendor="X.Org Foundation"
[    20.256] 	compiled for 1.20.8, module version = 0.0.2
[    20.256] 	ABI class: X.Org Video Driver, version 24.1
[    20.256] (EE) open /dev/fb0: Permission denied
[    20.256] (WW) VGA arbiter: cannot open kernel arbiter, no multi-card support
[    20.256] (II) vmware(0): Creating default Display subsection in Screen section
	"Default Screen Section" for depth/fbbpp 24/32
[    20.256] (--) vmware(0): DRM driver version is 2.15.0
[    20.256] (==) vmware(0): Depth 24, (--) framebuffer bpp 32
[    20.256] (==) vmware(0): RGB weight 888
[    20.256] (==) vmware(0): Default visual is TrueColor
[    20.256] (--) vmware(0): Min width 1, Max Width 8192.
[    20.256] (--) vmware(0): Min height 1, Max Height 8192.
[    20.257] (II) vmware(0): Output Virtual1 has no monitor section
[    20.257] (II) vmware(0): Output Virtual2 has no monitor section
[    20.257] (II) vmware(0): Output Virtual3 has no monitor section
[    20.258] (II) vmware(0): Output Virtual4 has no monitor section
[    20.258] (II) vmware(0): Output Virtual5 has no monitor section
[    20.258] (II) vmware(0): Output Virtual6 has no monitor section
[    20.258] (II) vmware(0): Output Virtual7 has no monitor section
[    20.258] (II) vmware(0): Output Virtual8 has no monitor section
[    20.258] (II) vmware(0): Printing probed modes for output Virtual1
[    20.259] (II) vmware(0): Modeline "800x600"x60.0   42.75  800 850 900 950  600 650 700 750 -hsync +vsync (45.0 kHz eP)
[    20.259] (II) vmware(0): Modeline "2560x1600"x60.0  348.50  2560 2752 3032 3504  1600 1603 1609 1658 -hsync +vsync (99.5 kHz e)
[    20.259] (II) vmware(0): Modeline "1920x1440"x60.0  234.00  1920 2048 2256 2600  1440 1441 1444 1500 -hsync +vsync (90.0 kHz e)
[    20.259] (II) vmware(0): Modeline "1856x1392"x60.0  218.25  1856 1952 2176 2528  1392 1393 1396 1439 -hsync +vsync (86.3 kHz e)
[    20.259] (II) vmware(0): Modeline "1792x1344"x60.0  204.75  1792 1920 2120 2448  1344 1345 1348 1394 -hsync +vsync (83.6 kHz e)
[    20.259] (II) vmware(0): Modeline "1920x1200"x59.9  193.25  1920 2056 2256 2592  1200 1203 1209 1245 -hsync +vsync (74.6 kHz e)
[    20.259] (II) vmware(0): Modeline "1600x1200"x60.0  162.00  1600 1664 1856 2160  1200 1201 1204 1250 +hsync +vsync (75.0 kHz e)
[    20.259] (II) vmware(0): Modeline "1680x1050"x60.0  146.25  1680 1784 1960 2240  1050 1053 1059 1089 -hsync +vsync (65.3 kHz e)
[    20.259] (II) vmware(0): Modeline "1400x1050"x60.0  121.75  1400 1488 1632 1864  1050 1053 1057 1089 -hsync +vsync (65.3 kHz e)
[    20.259] (II) vmware(0): Modeline "1280x1024"x60.0  108.00  1280 1328 1440 1688  1024 1025 1028 1066 +hsync +vsync (64.0 kHz e)
[    20.259] (II) vmware(0): Modeline "1440x900"x59.9  106.50  1440 1520 1672 1904  900 903 909 934 -hsync +vsync (55.9 kHz e)
[    20.259] (II) vmware(0): Modeline "1280x960"x60.0  108.00  1280 1376 1488 1800  960 961 964 1000 +hsync +vsync (60.0 kHz e)
[    20.259] (II) vmware(0): Modeline "1360x768"x60.0   85.50  1360 1424 1536 1792  768 771 777 795 +hsync +vsync (47.7 kHz e)
[    20.259] (II) vmware(0): Modeline "1280x800"x59.8   83.50  1280 1352 1480 1680  800 803 809 831 +hsync -vsync (49.7 kHz e)
[    20.259] (II) vmware(0): Modeline "1152x864"x75.0  108.00  1152 1216 1344 1600  864 865 868 900 +hsync +vsync (67.5 kHz e)
[    20.259] (II) vmware(0): Modeline "1280x768"x59.9   79.50  1280 1344 1472 1664  768 771 778 798 -hsync +vsync (47.8 kHz e)
[    20.260] (II) vmware(0): Modeline "1024x768"x60.0   65.00  1024 1048 1184 1344  768 771 777 806 -hsync -vsync (48.4 kHz e)
[    20.260] (II) vmware(0): Modeline "800x600"x60.3   40.00  800 840 968 1056  600 601 605 628 +hsync +vsync (37.9 kHz e)
[    20.260] (II) vmware(0): Modeline "640x480"x59.9   25.18  640 656 752 800  480 489 492 525 -hsync -vsync (31.5 kHz e)
[    20.260] (II) vmware(0): EDID for output Virtual2
[    20.260] (II) vmware(0): EDID for output Virtual3
[    20.261] (II) vmware(0): EDID for output Virtual4
[    20.261] (II) vmware(0): EDID for output Virtual5
[    20.261] (II) vmware(0): EDID for output Virtual6
[    20.261] (II) vmware(0): EDID for output Virtual7
[    20.261] (II) vmware(0): EDID for output Virtual8
[    20.261] (II) vmware(0): Output Virtual1 connected
[    20.261] (II) vmware(0): Output Virtual2 disconnected
[    20.261] (II) vmware(0): Output Virtual3 disconnected
[    20.261] (II) vmware(0): Output Virtual4 disconnected
[    20.261] (II) vmware(0): Output Virtual5 disconnected
[    20.261] (II) vmware(0): Output Virtual6 disconnected
[    20.261] (II) vmware(0): Output Virtual7 disconnected
[    20.261] (II) vmware(0): Output Virtual8 disconnected
[    20.261] (II) vmware(0): Using exact sizes for initial modes
[    20.261] (II) vmware(0): Output Virtual1 using initial mode 800x600 +0+0
[    20.261] (==) vmware(0): DPI set to (96, 96)
[    20.261] (==) vmware(0): Using gamma correction (1.0, 1.0, 1.0)
[    20.261] (II) Loading sub module "fb"
[    20.261] (II) LoadModule: "fb"
[    20.262] (II) Loading /usr/lib/xorg/modules/libfb.so
[    20.262] (II) Module fb: vendor="X.Org Foundation"
[    20.262] 	compiled for 1.20.8, module version = 1.0.0
[    20.262] 	ABI class: X.Org ANSI C Emulation, version 0.4
[    20.262] (II) Loading sub module "dri2"
[    20.262] (II) LoadModule: "dri2"
[    20.262] (II) Module "dri2" already built-in
[    20.262] (II) Loading sub module "dri3"
[    20.262] (II) LoadModule: "dri3"
[    20.262] (II) Module "dri3" already built-in
[    20.262] (II) UnloadModule: "modesetting"
[    20.262] (II) Unloading modesetting
[    20.262] (II) UnloadModule: "fbdev"
[    20.262] (II) Unloading fbdev
[    20.262] (II) UnloadSubModule: "fbdevhw"
[    20.263] (II) Unloading fbdevhw
[    20.263] (II) UnloadModule: "vesa"
[    20.263] (II) Unloading vesa
[    20.264] (II) vmware(0): Initialized VMWARE_CTRL extension version 0.2
[    20.270] (WW) vmware(0): Failed to initialize Gallium3D Xa. No render acceleration available.
[    20.270] (WW) vmware(0): Skipped initialization of direct rendering due to lack of render acceleration.
[    20.270] (--) vmware(0): Render acceleration is disabled.
[    20.270] (==) vmware(0): Rendercheck mode is disabled.
[    20.271] (--) vmware(0): Direct rendering (DRI2 3D) is disabled.
[    20.271] (--) vmware(0): Direct rendering (DRI3 3D) is disabled.
[    20.271] (==) vmware(0): Backing store enabled
[    20.271] (==) vmware(0): Silken mouse enabled
[    20.271] (==) vmware(0): DPMS enabled
[    20.271] (II) vmware(0): No 3D acceleration. Not setting up textured video.
[    20.271] (WW) vmware(0): Disabling Xv because no adaptors could be initialized.
[    20.271] (II) Initializing extension Generic Event Extension
[    20.271] (II) Initializing extension SHAPE
[    20.271] (II) Initializing extension MIT-SHM
[    20.271] (II) Initializing extension XInputExtension
[    20.272] (II) Initializing extension XTEST
[    20.273] (II) Initializing extension BIG-REQUESTS
[    20.273] (II) Initializing extension SYNC
[    20.273] (II) Initializing extension XKEYBOARD
[    20.273] (II) Initializing extension XC-MISC
[    20.273] (II) Initializing extension SECURITY
[    20.273] (II) Initializing extension XFIXES
[    20.273] (II) Initializing extension RENDER
[    20.273] (II) Initializing extension RANDR
[    20.273] (II) Initializing extension COMPOSITE
[    20.274] (II) Initializing extension DAMAGE
[    20.275] (II) Initializing extension MIT-SCREEN-SAVER
[    20.275] (II) Initializing extension DOUBLE-BUFFER
[    20.275] (II) Initializing extension RECORD
[    20.275] (II) Initializing extension DPMS
[    20.275] (II) Initializing extension Present
[    20.276] (II) Initializing extension DRI3
[    20.276] (II) Initializing extension X-Resource
[    20.276] (II) Initializing extension XVideo
[    20.276] (II) Initializing extension XVideo-MotionCompensation
[    20.276] (II) Initializing extension SELinux
[    20.276] (II) SELinux: Disabled on system
[    20.276] (II) Initializing extension GLX
[    20.276] (II) AIGLX: Screen 0 is not DRI2 capable
[    20.285] (II) IGLX: Loaded and initialized swrast
[    20.285] (II) GLX: Initialized DRISWRAST GL provider for screen 0
[    20.285] (II) Initializing extension XFree86-VidModeExtension
[    20.285] (II) Initializing extension XFree86-DGA
[    20.285] (II) Initializing extension XFree86-DRI
[    20.285] (II) Initializing extension DRI2
[    20.288] (II) vmware(0): Setting screen physical size to 211 x 158
[    20.325] (II) config/udev: Adding input device Power Button (/dev/input/event0)
[    20.325] (**) Power Button: Applying InputClass "libinput keyboard catchall"
[    20.325] (II) LoadModule: "libinput"
[    20.325] (II) Loading /usr/lib/xorg/modules/input/libinput_drv.so
[    20.326] (II) Module libinput: vendor="X.Org Foundation"
[    20.326] 	compiled for 1.20.1, module version = 0.28.1
[    20.326] 	Module class: X.Org XInput Driver
[    20.326] 	ABI class: X.Org XInput driver, version 24.1
[    20.326] (II) Using input driver 'libinput' for 'Power Button'
[    20.334] (II) systemd-logind: got fd for /dev/input/event0 13:64 fd 21 paused 0
[    20.334] (**) Power Button: always reports core events
[    20.334] (**) Option "Device" "/dev/input/event0"
[    20.334] (**) Option "_source" "server/udev"
[    20.335] (II) event0  - Power Button: is tagged by udev as: Keyboard
[    20.335] (II) event0  - Power Button: device is a keyboard
[    20.335] (II) event0  - Power Button: device removed
[    20.335] (**) Option "config_info" "udev:/sys/devices/LNXSYSTM:00/LNXPWRBN:00/input/input0/event0"
[    20.336] (II) XINPUT: Adding extended input device "Power Button" (type: KEYBOARD, id 6)
[    20.336] (**) Option "xkb_model" "pc105"
[    20.336] (**) Option "xkb_layout" "us"
[    20.337] (II) event0  - Power Button: is tagged by udev as: Keyboard
[    20.337] (II) event0  - Power Button: device is a keyboard
[    20.337] (II) config/udev: Adding input device Sleep Button (/dev/input/event1)
[    20.337] (**) Sleep Button: Applying InputClass "libinput keyboard catchall"
[    20.337] (II) Using input driver 'libinput' for 'Sleep Button'
[    20.338] (II) systemd-logind: got fd for /dev/input/event1 13:65 fd 24 paused 0
[    20.338] (**) Sleep Button: always reports core events
[    20.338] (**) Option "Device" "/dev/input/event1"
[    20.338] (**) Option "_source" "server/udev"
[    20.342] (II) event1  - Sleep Button: is tagged by udev as: Keyboard
[    20.342] (II) event1  - Sleep Button: device is a keyboard
[    20.342] (II) event1  - Sleep Button: device removed
[    20.342] (**) Option "config_info" "udev:/sys/devices/LNXSYSTM:00/LNXSLPBN:00/input/input1/event1"
[    20.342] (II) XINPUT: Adding extended input device "Sleep Button" (type: KEYBOARD, id 7)
[    20.342] (**) Option "xkb_model" "pc105"
[    20.342] (**) Option "xkb_layout" "us"
[    20.343] (II) event1  - Sleep Button: is tagged by udev as: Keyboard
[    20.343] (II) event1  - Sleep Button: device is a keyboard
[    20.343] (II) config/udev: Adding input device Video Bus (/dev/input/event3)
[    20.343] (**) Video Bus: Applying InputClass "libinput keyboard catchall"
[    20.343] (II) Using input driver 'libinput' for 'Video Bus'
[    20.344] (II) systemd-logind: got fd for /dev/input/event3 13:67 fd 25 paused 0
[    20.344] (**) Video Bus: always reports core events
[    20.344] (**) Option "Device" "/dev/input/event3"
[    20.345] (**) Option "_source" "server/udev"
[    20.345] (II) event3  - Video Bus: is tagged by udev as: Keyboard
[    20.345] (II) event3  - Video Bus: device is a keyboard
[    20.345] (II) event3  - Video Bus: device removed
[    20.345] (**) Option "config_info" "udev:/sys/devices/LNXSYSTM:00/LNXSYBUS:00/PNP0A03:00/LNXVIDEO:00/input/input4/event3"
[    20.345] (II) XINPUT: Adding extended input device "Video Bus" (type: KEYBOARD, id 8)
[    20.345] (**) Option "xkb_model" "pc105"
[    20.345] (**) Option "xkb_layout" "us"
[    20.346] (II) event3  - Video Bus: is tagged by udev as: Keyboard
[    20.346] (II) event3  - Video Bus: device is a keyboard
[    20.347] (II) config/udev: Adding input device VirtualBox mouse integration (/dev/input/event6)
[    20.347] (**) VirtualBox mouse integration: Applying InputClass "libinput pointer catchall"
[    20.347] (II) Using input driver 'libinput' for 'VirtualBox mouse integration'
[    20.348] (II) systemd-logind: got fd for /dev/input/event6 13:70 fd 26 paused 0
[    20.349] (**) VirtualBox mouse integration: always reports core events
[    20.349] (**) Option "Device" "/dev/input/event6"
[    20.349] (**) Option "_source" "server/udev"
[    20.353] (II) event6  - VirtualBox mouse integration: is tagged by udev as: Mouse
[    20.353] (II) event6  - VirtualBox mouse integration: device is a pointer
[    20.353] (II) event6  - VirtualBox mouse integration: device removed
[    20.354] (**) Option "config_info" "udev:/sys/devices/pci0000:00/0000:00:04.0/input/input7/event6"
[    20.354] (II) XINPUT: Adding extended input device "VirtualBox mouse integration" (type: MOUSE, id 9)
[    20.354] (**) Option "AccelerationScheme" "none"
[    20.354] (**) VirtualBox mouse integration: (accel) selected scheme none/0
[    20.354] (**) VirtualBox mouse integration: (accel) acceleration factor: 2.000
[    20.354] (**) VirtualBox mouse integration: (accel) acceleration threshold: 4
[    20.355] (II) event6  - VirtualBox mouse integration: is tagged by udev as: Mouse
[    20.355] (II) event6  - VirtualBox mouse integration: device is a pointer
[    20.355] (II) config/udev: Adding input device VirtualBox mouse integration (/dev/input/js1)
[    20.355] (II) No input driver specified, ignoring this device.
[    20.355] (II) This device may have been added with another device file.
[    20.356] (II) config/udev: Adding input device VirtualBox USB Tablet (/dev/input/event5)
[    20.356] (**) VirtualBox USB Tablet: Applying InputClass "libinput pointer catchall"
[    20.356] (II) Using input driver 'libinput' for 'VirtualBox USB Tablet'
[    20.357] (II) systemd-logind: got fd for /dev/input/event5 13:69 fd 27 paused 0
[    20.357] (**) VirtualBox USB Tablet: always reports core events
[    20.357] (**) Option "Device" "/dev/input/event5"
[    20.357] (**) Option "_source" "server/udev"
[    20.358] (II) event5  - VirtualBox USB Tablet: is tagged by udev as: Mouse
[    20.358] (II) event5  - VirtualBox USB Tablet: device is a pointer
[    20.358] (II) event5  - VirtualBox USB Tablet: device removed
[    20.358] (**) Option "config_info" "udev:/sys/devices/pci0000:00/0000:00:06.0/usb1/1-1/1-1:1.0/0003:80EE:0021.0001/input/input6/event5"
[    20.358] (II) XINPUT: Adding extended input device "VirtualBox USB Tablet" (type: MOUSE, id 10)
[    20.358] (**) Option "AccelerationScheme" "none"
[    20.358] (**) VirtualBox USB Tablet: (accel) selected scheme none/0
[    20.358] (**) VirtualBox USB Tablet: (accel) acceleration factor: 2.000
[    20.359] (**) VirtualBox USB Tablet: (accel) acceleration threshold: 4
[    20.359] (II) event5  - VirtualBox USB Tablet: is tagged by udev as: Mouse
[    20.359] (II) event5  - VirtualBox USB Tablet: device is a pointer
[    20.360] (II) config/udev: Adding input device VirtualBox USB Tablet (/dev/input/js0)
[    20.360] (II) No input driver specified, ignoring this device.
[    20.360] (II) This device may have been added with another device file.
[    20.360] (II) config/udev: Adding input device VirtualBox USB Tablet (/dev/input/mouse1)
[    20.360] (II) No input driver specified, ignoring this device.
[    20.360] (II) This device may have been added with another device file.
[    20.361] (II) config/udev: Adding input device AT Translated Set 2 keyboard (/dev/input/event2)
[    20.361] (**) AT Translated Set 2 keyboard: Applying InputClass "libinput keyboard catchall"
[    20.361] (II) Using input driver 'libinput' for 'AT Translated Set 2 keyboard'
[    20.363] (II) systemd-logind: got fd for /dev/input/event2 13:66 fd 28 paused 0
[    20.363] (**) AT Translated Set 2 keyboard: always reports core events
[    20.363] (**) Option "Device" "/dev/input/event2"
[    20.363] (**) Option "_source" "server/udev"
[    20.364] (II) event2  - AT Translated Set 2 keyboard: is tagged by udev as: Keyboard
[    20.364] (II) event2  - AT Translated Set 2 keyboard: device is a keyboard
[    20.364] (II) event2  - AT Translated Set 2 keyboard: device removed
[    20.364] (**) Option "config_info" "udev:/sys/devices/platform/i8042/serio0/input/input2/event2"
[    20.364] (II) XINPUT: Adding extended input device "AT Translated Set 2 keyboard" (type: KEYBOARD, id 11)
[    20.364] (**) Option "xkb_model" "pc105"
[    20.364] (**) Option "xkb_layout" "us"
[    20.365] (II) event2  - AT Translated Set 2 keyboard: is tagged by udev as: Keyboard
[    20.365] (II) event2  - AT Translated Set 2 keyboard: device is a keyboard
[    20.370] (II) config/udev: Adding input device ImExPS/2 Generic Explorer Mouse (/dev/input/event4)
[    20.370] (**) ImExPS/2 Generic Explorer Mouse: Applying InputClass "libinput pointer catchall"
[    20.370] (II) Using input driver 'libinput' for 'ImExPS/2 Generic Explorer Mouse'
[    20.371] (II) systemd-logind: got fd for /dev/input/event4 13:68 fd 29 paused 0
[    20.371] (**) ImExPS/2 Generic Explorer Mouse: always reports core events
[    20.371] (**) Option "Device" "/dev/input/event4"
[    20.371] (**) Option "_source" "server/udev"
[    20.371] (II) event4  - ImExPS/2 Generic Explorer Mouse: is tagged by udev as: Mouse
[    20.371] (II) event4  - ImExPS/2 Generic Explorer Mouse: device is a pointer
[    20.371] (II) event4  - ImExPS/2 Generic Explorer Mouse: device removed
[    20.371] (**) Option "config_info" "udev:/sys/devices/platform/i8042/serio1/input/input5/event4"
[    20.371] (II) XINPUT: Adding extended input device "ImExPS/2 Generic Explorer Mouse" (type: MOUSE, id 12)
[    20.372] (**) Option "AccelerationScheme" "none"
[    20.372] (**) ImExPS/2 Generic Explorer Mouse: (accel) selected scheme none/0
[    20.372] (**) ImExPS/2 Generic Explorer Mouse: (accel) acceleration factor: 2.000
[    20.372] (**) ImExPS/2 Generic Explorer Mouse: (accel) acceleration threshold: 4
[    20.372] (II) event4  - ImExPS/2 Generic Explorer Mouse: is tagged by udev as: Mouse
[    20.372] (II) event4  - ImExPS/2 Generic Explorer Mouse: device is a pointer
[    20.373] (II) config/udev: Adding input device ImExPS/2 Generic Explorer Mouse (/dev/input/mouse0)
[    20.373] (II) No input driver specified, ignoring this device.
[    20.373] (II) This device may have been added with another device file.
[    42.724] (!!) vmware(0): New layout.
[    42.724] (!!) vmware(0): 0: 0 0 800 600
[    42.724] (!!) vmware(0): 
[   183.947] (II) event4  - ImExPS/2 Generic Explorer Mouse: Enabling spurious button debouncing, see https://wayland.freedesktop.org/libinput/doc/1.10.4/button_debouncing.html for details
